<Result>
  <Success>True</Success>
  <Document>
    <Line>
      <Text>
        <Text>   ** H?NDLERBELEG ** </Text>
        <Bold>False</Bold>
        <DoubleHeight>False</DoubleHeight>
        <DoubleWidth>False</DoubleWidth>
        <Center>False</Center>
        <AlignRight>
        </AlignRight>
      </Text>
    </Line>
    <Line>
      <Text>
        <Text>TESTHAENDLER KSG/C&amp;S    </Text>
        <Bold>False</Bold>
        <DoubleHeight>False</DoubleHeight>
        <DoubleWidth>False</DoubleWidth>
        <Center>False</Center>
        <AlignRight>
        </AlignRight>
      </Text>
    </Line>
    <Line>
      <Text>
        <Text>INVALIDENSTR 2          </Text>
        <Bold>False</Bold>
        <DoubleHeight>False</DoubleHeight>
        <DoubleWidth>False</DoubleWidth>
        <Center>False</Center>
        <AlignRight>
        </AlignRight>
      </Text>
    </Line>
    <Line>
      <Text>
        <Text>1030 WIEN               </Text>
        <Bold>False</Bold>
        <DoubleHeight>False</DoubleHeight>
        <DoubleWidth>False</DoubleWidth>
        <Center>False</Center>
        <AlignRight>
        </AlignRight>
      </Text>
    </Line>
    <Line>
      <Text>
        <Text>                        </Text>
        <Bold>False</Bold>
        <DoubleHeight>False</DoubleHeight>
        <DoubleWidth>False</DoubleWidth>
        <Center>False</Center>
        <AlignRight>
        </AlignRight>
      </Text>
    </Line>
    <Line>
      <Text>
        <Text>                        </Text>
        <Bold>False</Bold>
        <DoubleHeight>False</DoubleHeight>
        <DoubleWidth>False</DoubleWidth>
        <Center>False</Center>
        <AlignRight>
        </AlignRight>
      </Text>
    </Line>
    <Line>
      <Text>
        <Text>        VERKAUF         </Text>
        <Bold>False</Bold>
        <DoubleHeight>False</DoubleHeight>
        <DoubleWidth>False</DoubleWidth>
        <Center>False</Center>
        <AlignRight>
        </AlignRight>
      </Text>
    </Line>
    <Line>
      <Text>
        <Text>10.04.2012      09:43:12</Text>
        <Bold>False</Bold>
        <DoubleHeight>False</DoubleHeight>
        <DoubleWidth>False</DoubleWidth>
        <Center>False</Center>
        <AlignRight>
        </AlignRight>
      </Text>
    </Line>
    <Line>
      <Text>
        <Text>Terminal-ID:    27960002</Text>
        <Bold>False</Bold>
        <DoubleHeight>False</DoubleHeight>
        <DoubleWidth>False</DoubleWidth>
        <Center>False</Center>
        <AlignRight>
        </AlignRight>
      </Text>
    </Line>
    <Line>
      <Text>
        <Text>VU-Nr:         600149355</Text>
        <Bold>False</Bold>
        <DoubleHeight>False</DoubleHeight>
        <DoubleWidth>False</DoubleWidth>
        <Center>False</Center>
        <AlignRight>
        </AlignRight>
      </Text>
    </Line>
    <Line>
      <Text>
        <Text>Beleg-Nr:         011061</Text>
        <Bold>False</Bold>
        <DoubleHeight>False</DoubleHeight>
        <DoubleWidth>False</DoubleWidth>
        <Center>False</Center>
        <AlignRight>
        </AlignRight>
      </Text>
    </Line>
    <Line>
      <Text>
        <Text>        Maestro</Text>
        <Bold>False</Bold>
        <DoubleHeight>False</DoubleHeight>
        <DoubleWidth>False</DoubleWidth>
        <Center>False</Center>
        <AlignRight>
        </AlignRight>
      </Text>
    </Line>
    <Line>
      <Text>
        <Text>AID:      A0000000043060</Text>
        <Bold>False</Bold>
        <DoubleHeight>False</DoubleHeight>
        <DoubleWidth>False</DoubleWidth>
        <Center>False</Center>
        <AlignRight>
        </AlignRight>
      </Text>
    </Line>
    <Line>
      <Text>
        <Text>Crypto: 9A58141FA1C772D8</Text>
        <Bold>False</Bold>
        <DoubleHeight>False</DoubleHeight>
        <DoubleWidth>False</DoubleWidth>
        <Center>False</Center>
        <AlignRight>
        </AlignRight>
      </Text>
    </Line>
    <Line>
      <Text>
        <Text>Nr:  ***************0155</Text>
        <Bold>False</Bold>
        <DoubleHeight>False</DoubleHeight>
        <DoubleWidth>False</DoubleWidth>
        <Center>False</Center>
        <AlignRight>
        </AlignRight>
      </Text>
    </Line>
    <Line>
      <Text>
        <Text>Ablaufdatum:       12/14</Text>
        <Bold>False</Bold>
        <DoubleHeight>False</DoubleHeight>
        <DoubleWidth>False</DoubleWidth>
        <Center>False</Center>
        <AlignRight>
        </AlignRight>
      </Text>
    </Line>
    <Line>
      <Text>
        <Text>SEQ:                 019</Text>
        <Bold>False</Bold>
        <DoubleHeight>False</DoubleHeight>
        <DoubleWidth>False</DoubleWidth>
        <Center>False</Center>
        <AlignRight>
        </AlignRight>
      </Text>
    </Line>
    <Line>
      <Text>
        <Text>SVC201  (I)    </Text>
        <Bold>False</Bold>
        <DoubleHeight>False</DoubleHeight>
        <DoubleWidth>False</DoubleWidth>
        <Center>False</Center>
        <AlignRight>
        </AlignRight>
      </Text>
    </Line>
    <Line>
      <Text>
        <Text>        BEZAHLT         </Text>
        <Bold>False</Bold>
        <DoubleHeight>False</DoubleHeight>
        <DoubleWidth>False</DoubleWidth>
        <Center>False</Center>
        <AlignRight>
        </AlignRight>
      </Text>
    </Line>
    <Line>
      <Text>
        <Text>GEN.NR.:HOSTOK</Text>
        <Bold>False</Bold>
        <DoubleHeight>False</DoubleHeight>
        <DoubleWidth>False</DoubleWidth>
        <Center>False</Center>
        <AlignRight>
        </AlignRight>
      </Text>
    </Line>
    <Line>
      <Text>
        <Text>BETRAG:  EUR       10,00</Text>
        <Bold>False</Bold>
        <DoubleHeight>False</DoubleHeight>
        <DoubleWidth>False</DoubleWidth>
        <Center>False</Center>
        <AlignRight>
        </AlignRight>
      </Text>
    </Line>
    <Line>
      <Text>
        <Text>         ===============</Text>
        <Bold>False</Bold>
        <DoubleHeight>False</DoubleHeight>
        <DoubleWidth>False</DoubleWidth>
        <Center>False</Center>
        <AlignRight>
        </AlignRight>
      </Text>
    </Line>
    <Line>
      <Text>
        <Text> </Text>
        <Bold>False</Bold>
        <DoubleHeight>False</DoubleHeight>
        <DoubleWidth>False</DoubleWidth>
        <Center>False</Center>
        <AlignRight>
        </AlignRight>
      </Text>
    </Line>
    <Line>
      <Text>
        <Text> </Text>
        <Bold>False</Bold>
        <DoubleHeight>False</DoubleHeight>
        <DoubleWidth>False</DoubleWidth>
        <Center>False</Center>
        <AlignRight>
        </AlignRight>
      </Text>
    </Line>
    <Line>
      <Text>
        <Text> </Text>
        <Bold>False</Bold>
        <DoubleHeight>False</DoubleHeight>
        <DoubleWidth>False</DoubleWidth>
        <Center>False</Center>
        <AlignRight>
        </AlignRight>
      </Text>
    </Line>
    <Line>
      <Text>
        <Text> </Text>
        <Bold>False</Bold>
        <DoubleHeight>False</DoubleHeight>
        <DoubleWidth>False</DoubleWidth>
        <Center>False</Center>
        <AlignRight>
        </AlignRight>
      </Text>
    </Line>
    <Line>
      <Text>
        <Text> </Text>
        <Bold>False</Bold>
        <DoubleHeight>False</DoubleHeight>
        <DoubleWidth>False</DoubleWidth>
        <Center>False</Center>
        <AlignRight>
        </AlignRight>
      </Text>
    </Line>
    <Line />
  </Document>
  <Document>
    <Line>
      <Text>
        <Text>   ** KUNDENBELEG ** </Text>
        <Bold>False</Bold>
        <DoubleHeight>False</DoubleHeight>
        <DoubleWidth>False</DoubleWidth>
        <Center>False</Center>
        <AlignRight>
        </AlignRight>
      </Text>
    </Line>
    <Line>
      <Text>
        <Text>TESTHAENDLER KSG/C&amp;S    </Text>
        <Bold>False</Bold>
        <DoubleHeight>False</DoubleHeight>
        <DoubleWidth>False</DoubleWidth>
        <Center>False</Center>
        <AlignRight>
        </AlignRight>
      </Text>
    </Line>
    <Line>
      <Text>
        <Text>INVALIDENSTR 2          </Text>
        <Bold>False</Bold>
        <DoubleHeight>False</DoubleHeight>
        <DoubleWidth>False</DoubleWidth>
        <Center>False</Center>
        <AlignRight>
        </AlignRight>
      </Text>
    </Line>
    <Line>
      <Text>
        <Text>1030 WIEN               </Text>
        <Bold>False</Bold>
        <DoubleHeight>False</DoubleHeight>
        <DoubleWidth>False</DoubleWidth>
        <Center>False</Center>
        <AlignRight>
        </AlignRight>
      </Text>
    </Line>
    <Line>
      <Text>
        <Text>                        </Text>
        <Bold>False</Bold>
        <DoubleHeight>False</DoubleHeight>
        <DoubleWidth>False</DoubleWidth>
        <Center>False</Center>
        <AlignRight>
        </AlignRight>
      </Text>
    </Line>
    <Line>
      <Text>
        <Text>                        </Text>
        <Bold>False</Bold>
        <DoubleHeight>False</DoubleHeight>
        <DoubleWidth>False</DoubleWidth>
        <Center>False</Center>
        <AlignRight>
        </AlignRight>
      </Text>
    </Line>
    <Line>
      <Text>
        <Text>        VERKAUF         </Text>
        <Bold>False</Bold>
        <DoubleHeight>False</DoubleHeight>
        <DoubleWidth>False</DoubleWidth>
        <Center>False</Center>
        <AlignRight>
        </AlignRight>
      </Text>
    </Line>
    <Line>
      <Text>
        <Text>10.04.2012      09:43:12</Text>
        <Bold>False</Bold>
        <DoubleHeight>False</DoubleHeight>
        <DoubleWidth>False</DoubleWidth>
        <Center>False</Center>
        <AlignRight>
        </AlignRight>
      </Text>
    </Line>
    <Line>
      <Text>
        <Text>Terminal-ID:    27960002</Text>
        <Bold>False</Bold>
        <DoubleHeight>False</DoubleHeight>
        <DoubleWidth>False</DoubleWidth>
        <Center>False</Center>
        <AlignRight>
        </AlignRight>
      </Text>
    </Line>
    <Line>
      <Text>
        <Text>VU-Nr:         600149355</Text>
        <Bold>False</Bold>
        <DoubleHeight>False</DoubleHeight>
        <DoubleWidth>False</DoubleWidth>
        <Center>False</Center>
        <AlignRight>
        </AlignRight>
      </Text>
    </Line>
    <Line>
      <Text>
        <Text>Beleg-Nr:         011061</Text>
        <Bold>False</Bold>
        <DoubleHeight>False</DoubleHeight>
        <DoubleWidth>False</DoubleWidth>
        <Center>False</Center>
        <AlignRight>
        </AlignRight>
      </Text>
    </Line>
    <Line>
      <Text>
        <Text>        Maestro</Text>
        <Bold>False</Bold>
        <DoubleHeight>False</DoubleHeight>
        <DoubleWidth>False</DoubleWidth>
        <Center>False</Center>
        <AlignRight>
        </AlignRight>
      </Text>
    </Line>
    <Line>
      <Text>
        <Text>AID:      A0000000043060</Text>
        <Bold>False</Bold>
        <DoubleHeight>False</DoubleHeight>
        <DoubleWidth>False</DoubleWidth>
        <Center>False</Center>
        <AlignRight>
        </AlignRight>
      </Text>
    </Line>
    <Line>
      <Text>
        <Text>Crypto: 9A58141FA1C772D8</Text>
        <Bold>False</Bold>
        <DoubleHeight>False</DoubleHeight>
        <DoubleWidth>False</DoubleWidth>
        <Center>False</Center>
        <AlignRight>
        </AlignRight>
      </Text>
    </Line>
    <Line>
      <Text>
        <Text>Nr:  ***************0155</Text>
        <Bold>False</Bold>
        <DoubleHeight>False</DoubleHeight>
        <DoubleWidth>False</DoubleWidth>
        <Center>False</Center>
        <AlignRight>
        </AlignRight>
      </Text>
    </Line>
    <Line>
      <Text>
        <Text>Ablaufdatum:       12/14</Text>
        <Bold>False</Bold>
        <DoubleHeight>False</DoubleHeight>
        <DoubleWidth>False</DoubleWidth>
        <Center>False</Center>
        <AlignRight>
        </AlignRight>
      </Text>
    </Line>
    <Line>
      <Text>
        <Text>SEQ:                 019</Text>
        <Bold>False</Bold>
        <DoubleHeight>False</DoubleHeight>
        <DoubleWidth>False</DoubleWidth>
        <Center>False</Center>
        <AlignRight>
        </AlignRight>
      </Text>
    </Line>
    <Line>
      <Text>
        <Text>SVC201  (I)    </Text>
        <Bold>False</Bold>
        <DoubleHeight>False</DoubleHeight>
        <DoubleWidth>False</DoubleWidth>
        <Center>False</Center>
        <AlignRight>
        </AlignRight>
      </Text>
    </Line>
    <Line>
      <Text>
        <Text>        BEZAHLT         </Text>
        <Bold>False</Bold>
        <DoubleHeight>False</DoubleHeight>
        <DoubleWidth>False</DoubleWidth>
        <Center>False</Center>
        <AlignRight>
        </AlignRight>
      </Text>
    </Line>
    <Line>
      <Text>
        <Text>GEN.NR.:HOSTOK</Text>
        <Bold>False</Bold>
        <DoubleHeight>False</DoubleHeight>
        <DoubleWidth>False</DoubleWidth>
        <Center>False</Center>
        <AlignRight>
        </AlignRight>
      </Text>
    </Line>
    <Line>
      <Text>
        <Text>BETRAG:  EUR       10,00</Text>
        <Bold>False</Bold>
        <DoubleHeight>False</DoubleHeight>
        <DoubleWidth>False</DoubleWidth>
        <Center>False</Center>
        <AlignRight>
        </AlignRight>
      </Text>
    </Line>
    <Line>
      <Text>
        <Text>         ===============</Text>
        <Bold>False</Bold>
        <DoubleHeight>False</DoubleHeight>
        <DoubleWidth>False</DoubleWidth>
        <Center>False</Center>
        <AlignRight>
        </AlignRight>
      </Text>
    </Line>
    <Line>
      <Text>
        <Text> </Text>
        <Bold>False</Bold>
        <DoubleHeight>False</DoubleHeight>
        <DoubleWidth>False</DoubleWidth>
        <Center>False</Center>
        <AlignRight>
        </AlignRight>
      </Text>
    </Line>
    <Line>
      <Text>
        <Text>------------------------</Text>
        <Bold>False</Bold>
        <DoubleHeight>False</DoubleHeight>
        <DoubleWidth>False</DoubleWidth>
        <Center>False</Center>
        <AlignRight>
        </AlignRight>
      </Text>
    </Line>
    <Line>
      <Text>
        <Text>      VIELEN  DANK      </Text>
        <Bold>False</Bold>
        <DoubleHeight>False</DoubleHeight>
        <DoubleWidth>False</DoubleWidth>
        <Center>False</Center>
        <AlignRight>
        </AlignRight>
      </Text>
    </Line>
    <Line>
      <Text>
        <Text>------------------------</Text>
        <Bold>False</Bold>
        <DoubleHeight>False</DoubleHeight>
        <DoubleWidth>False</DoubleWidth>
        <Center>False</Center>
        <AlignRight>
        </AlignRight>
      </Text>
    </Line>
    <Line>
      <Text>
        <Text> </Text>
        <Bold>False</Bold>
        <DoubleHeight>False</DoubleHeight>
        <DoubleWidth>False</DoubleWidth>
        <Center>False</Center>
        <AlignRight>
        </AlignRight>
      </Text>
    </Line>
    <Line>
      <Text>
        <Text> </Text>
        <Bold>False</Bold>
        <DoubleHeight>False</DoubleHeight>
        <DoubleWidth>False</DoubleWidth>
        <Center>False</Center>
        <AlignRight>
        </AlignRight>
      </Text>
    </Line>
    <Line>
      <Text>
        <Text> </Text>
        <Bold>False</Bold>
        <DoubleHeight>False</DoubleHeight>
        <DoubleWidth>False</DoubleWidth>
        <Center>False</Center>
        <AlignRight>
        </AlignRight>
      </Text>
    </Line>
    <Line>
      <Text>
        <Text> </Text>
        <Bold>False</Bold>
        <DoubleHeight>False</DoubleHeight>
        <DoubleWidth>False</DoubleWidth>
        <Center>False</Center>
        <AlignRight>
        </AlignRight>
      </Text>
    </Line>
    <Line />
  </Document>
  <RawData>04 0F 70 27 00 04 00 00 00 00 10 00 0B 01 10 61 0C 09 43 12 0D 04 10 0E 14 12 17 00 19 19 70 22 F1 F0 67 99 99 89 00 00 09 00 15 5F 29 27 96 00 02 2A 36 30 30 31 34 39 33 35 35 20 20 20 20 20 20 3B 30 30 48 4F 53 54 4F 4B 3C F0 F1 F4 47 45 4E 2E 4E 52 2E 3A 48 4F 53 54 4F 4B 49 09 78 87 10 61 88 01 10 61 8A 2E 8B F0 F8 4D 61 65 73 74 72 6F 00 </RawData>
  <ReceiptNr>1061</ReceiptNr>
  <PanEfid>-1223383036845774243</PanEfid>
  <Amount>1000</Amount>
  <AdditionalInfo>GEN.NR.:HOSTOK</AdditionalInfo>
</Result>